<?xml version="1.0" encoding="UTF-8"?>
<robot generator="Robot 7.2.2 (Python 3.13.1 on win32)" generated="2025-03-11T03:39:13.324457" rpa="false" schemaversion="5">
<suite id="s1" name="Unsuccess CreateHighlight final" source="C:\work_2025\git-group-repository-group-4-sec-2\version3\test\UAT\V3\UAT-V3-finaltest\Unsuccess_CreateHighlight_final.robot">
<test id="s1-t1" name="Test Create Unsuccess Empty Cover Image" line="19">
<kw name="Go To Manage Highlights Page" owner="resource_v3">
<kw name="Go To Login Page" owner="resource_v3">
<kw name="Open Chrome Browser" owner="resource_v3">
<kw name="Evaluate" owner="BuiltIn">
<msg time="2025-03-11T03:39:13.570353" level="INFO">${chrome_options} = &lt;selenium.webdriver.chrome.options.Options object at 0x000001CE1BC9BCB0&gt;</msg>
<var>${chrome_options}</var>
<arg>sys.modules['selenium.webdriver'].ChromeOptions()</arg>
<doc>Evaluates the given expression in Python and returns the result.</doc>
<status status="PASS" start="2025-03-11T03:39:13.569871" elapsed="0.000537"/>
</kw>
<kw name="Set Variable" owner="BuiltIn">
<msg time="2025-03-11T03:39:13.570694" level="INFO">${chrome_options.binary_location} = C:/work_2025/ChromeForTesting/chrome-win64/chrome-win64/chrome.exe</msg>
<var>${chrome_options.binary_location}</var>
<arg>${CHROME_BROWSER_PATH}</arg>
<doc>Returns the given values which can then be assigned to a variables.</doc>
<status status="PASS" start="2025-03-11T03:39:13.570536" elapsed="0.000181"/>
</kw>
<kw name="Evaluate" owner="BuiltIn">
<msg time="2025-03-11T03:39:13.571284" level="INFO">${service} = &lt;selenium.webdriver.chrome.service.Service object at 0x000001CE1BC9BA10&gt;</msg>
<var>${service}</var>
<arg>sys.modules['selenium.webdriver.chrome.service'].Service(executable_path="${CHROME_DRIVER_PATH}")</arg>
<doc>Evaluates the given expression in Python and returns the result.</doc>
<status status="PASS" start="2025-03-11T03:39:13.570799" elapsed="0.000508"/>
</kw>
<kw name="Create Webdriver" owner="SeleniumLibrary">
<msg time="2025-03-11T03:39:13.571560" level="INFO">Creating an instance of the Chrome WebDriver.</msg>
<arg>Chrome</arg>
<arg>options=${chrome_options}</arg>
<arg>service=${service}</arg>
<doc>Creates an instance of Selenium WebDriver.</doc>
<status status="PASS" start="2025-03-11T03:39:13.571395" elapsed="1.138179"/>
</kw>
<kw name="Maximize Browser Window" owner="SeleniumLibrary">
<doc>Maximizes current browser window.</doc>
<status status="PASS" start="2025-03-11T03:39:14.710166" elapsed="0.093157"/>
</kw>
<kw name="Go To" owner="SeleniumLibrary">
<msg time="2025-03-11T03:39:14.803916" level="INFO">Opening url 'https://cs04sec267.cpkkuhost.com/'</msg>
<arg>${URL}</arg>
<doc>Navigates the current browser window to the provided ``url``.</doc>
<status status="PASS" start="2025-03-11T03:39:14.803620" elapsed="4.975859"/>
</kw>
<status status="PASS" start="2025-03-11T03:39:13.569439" elapsed="6.210390"/>
</kw>
<kw name="Maximize Browser Window" owner="SeleniumLibrary">
<doc>Maximizes current browser window.</doc>
<status status="PASS" start="2025-03-11T03:39:19.780054" elapsed="0.005113"/>
</kw>
<kw name="Location Should Be" owner="SeleniumLibrary">
<msg time="2025-03-11T03:39:19.796504" level="INFO">Current location is 'https://cs04sec267.cpkkuhost.com/'.</msg>
<arg>${URL}</arg>
<doc>Verifies that the current URL is exactly ``url``.</doc>
<status status="PASS" start="2025-03-11T03:39:19.785693" elapsed="0.010974"/>
</kw>
<kw name="Sleep" owner="BuiltIn">
<msg time="2025-03-11T03:39:20.797842" level="INFO">Slept 1 second.</msg>
<arg>1s</arg>
<doc>Pauses the test executed for the given time.</doc>
<status status="PASS" start="2025-03-11T03:39:19.796926" elapsed="1.001030"/>
</kw>
<kw name="Click Link" owner="SeleniumLibrary">
<msg time="2025-03-11T03:39:20.798381" level="INFO">Clicking link 'xpath=//a[contains(@class, 'btn-primary') and contains(., 'Login')]'.</msg>
<arg>xpath=//a[contains(@class, 'btn-primary') and contains(., 'Login')]</arg>
<doc>Clicks a link identified by ``locator``.</doc>
<status status="PASS" start="2025-03-11T03:39:20.798097" elapsed="1.039312"/>
</kw>
<kw name="Location Should Be" owner="SeleniumLibrary">
<msg time="2025-03-11T03:39:21.843894" level="INFO">Current location is 'https://cs04sec267.cpkkuhost.com/login'.</msg>
<arg>${LOGIN_URL}</arg>
<doc>Verifies that the current URL is exactly ``url``.</doc>
<status status="PASS" start="2025-03-11T03:39:21.837994" elapsed="0.006015"/>
</kw>
<kw name="Wait Until Page Contains" owner="SeleniumLibrary">
<arg>Account Login</arg>
<arg>${DELAY}</arg>
<doc>Waits until ``text`` appears on the current page.</doc>
<status status="PASS" start="2025-03-11T03:39:21.844260" elapsed="0.016559"/>
</kw>
<status status="PASS" start="2025-03-11T03:39:13.569037" elapsed="8.291965"/>
</kw>
<kw name="Login Staff" owner="resource_v3">
<kw name="Input Text" owner="SeleniumLibrary">
<msg time="2025-03-11T03:39:21.862167" level="INFO">Typing text 'thanlao@kku.ac.th' into text field 'id=username'.</msg>
<arg>id=username</arg>
<arg>${STAFF_USERNAME}</arg>
<doc>Types the given ``text`` into the text field identified by ``locator``.</doc>
<status status="PASS" start="2025-03-11T03:39:21.861636" elapsed="0.103119"/>
</kw>
<kw name="Input Text" owner="SeleniumLibrary">
<msg time="2025-03-11T03:39:21.965377" level="INFO">Typing text '123456789' into text field 'id=password'.</msg>
<arg>id=password</arg>
<arg>${STAFF_PASSWORD}</arg>
<doc>Types the given ``text`` into the text field identified by ``locator``.</doc>
<status status="PASS" start="2025-03-11T03:39:21.965068" elapsed="0.106927"/>
</kw>
<kw name="Click Button" owner="SeleniumLibrary">
<msg time="2025-03-11T03:39:22.072332" level="INFO">Clicking button 'xpath=//button[contains(text(),'Log In')]'.</msg>
<arg>xpath=//button[contains(text(),'Log In')]</arg>
<doc>Clicks the button identified by ``locator``.</doc>
<status status="PASS" start="2025-03-11T03:39:22.072165" elapsed="0.090790"/>
</kw>
<kw name="Wait Until Location Is" owner="SeleniumLibrary">
<arg>${DASHBOARD_URL}</arg>
<arg>${DELAY}</arg>
<doc>Waits until the current URL is ``expected``.</doc>
<status status="PASS" start="2025-03-11T03:39:22.163129" elapsed="2.670191"/>
</kw>
<kw name="Wait Until Page Contains" owner="SeleniumLibrary">
<arg>Dashboard</arg>
<arg>${DELAY}</arg>
<doc>Waits until ``text`` appears on the current page.</doc>
<status status="PASS" start="2025-03-11T03:39:24.833525" elapsed="0.014561"/>
</kw>
<status status="PASS" start="2025-03-11T03:39:21.861242" elapsed="2.987109"/>
</kw>
<kw name="Verify Staff Dashboard" owner="resource_v3">
<kw name="Page Should Contain" owner="SeleniumLibrary">
<msg time="2025-03-11T03:39:24.863565" level="INFO">Current page contains text 'Manage Highlights'.</msg>
<arg>Manage Highlights</arg>
<doc>Verifies that current page contains ``text``.</doc>
<status status="PASS" start="2025-03-11T03:39:24.849290" elapsed="0.014379"/>
</kw>
<status status="PASS" start="2025-03-11T03:39:24.848710" elapsed="0.015278"/>
</kw>
<kw name="Click Link" owner="SeleniumLibrary">
<msg time="2025-03-11T03:39:24.864680" level="INFO">Clicking link 'xpath=//a[@class='nav-link' and contains(span, 'Manage Highlights')]'.</msg>
<arg>xpath=//a[@class='nav-link' and contains(span, 'Manage Highlights')]</arg>
<doc>Clicks a link identified by ``locator``.</doc>
<status status="PASS" start="2025-03-11T03:39:24.864299" elapsed="0.931682"/>
</kw>
<kw name="Wait Until Location Is" owner="SeleniumLibrary">
<arg>${MANAGE_HIGHLIGHTS_URL}</arg>
<arg>${DELAY}</arg>
<doc>Waits until the current URL is ``expected``.</doc>
<status status="PASS" start="2025-03-11T03:39:25.796188" elapsed="0.006902"/>
</kw>
<kw name="Page Should Contain" owner="SeleniumLibrary">
<msg time="2025-03-11T03:39:25.814552" level="INFO">Current page contains text 'Manage Highlights'.</msg>
<arg>Manage Highlights</arg>
<doc>Verifies that current page contains ``text``.</doc>
<status status="PASS" start="2025-03-11T03:39:25.803302" elapsed="0.011351"/>
</kw>
<status status="PASS" start="2025-03-11T03:39:13.568750" elapsed="12.246020"/>
</kw>
<kw name="Location Should Be" owner="SeleniumLibrary">
<msg time="2025-03-11T03:39:25.819863" level="INFO">Current location is 'https://cs04sec267.cpkkuhost.com/highlights'.</msg>
<arg>${MANAGE_HIGHLIGHTS_URL}</arg>
<doc>Verifies that the current URL is exactly ``url``.</doc>
<status status="PASS" start="2025-03-11T03:39:25.815226" elapsed="0.004990"/>
</kw>
<kw name="Log To Console" owner="BuiltIn">
<arg>✅ เข้าสู่หน้าจัดการ HIGHLIGHTS สำเร็จ</arg>
<doc>Logs the given message to the console.</doc>
<status status="PASS" start="2025-03-11T03:39:25.821292" elapsed="0.000578"/>
</kw>
<kw name="Sleep" owner="BuiltIn">
<msg time="2025-03-11T03:39:28.822600" level="INFO">Slept 3 seconds.</msg>
<arg>3s</arg>
<doc>Pauses the test executed for the given time.</doc>
<status status="PASS" start="2025-03-11T03:39:25.822031" elapsed="3.000667"/>
</kw>
<kw name="Scroll Element Into View" owner="SeleniumLibrary">
<arg>xpath=//a[contains(@class, 'btn btn-primary mb-3') and contains(text(), '+ Create')]</arg>
<doc>Scrolls the element identified by ``locator`` into view.</doc>
<status status="PASS" start="2025-03-11T03:39:28.823052" elapsed="0.276779"/>
</kw>
<kw name="Click Link" owner="SeleniumLibrary">
<msg time="2025-03-11T03:39:29.100539" level="INFO">Clicking link 'xpath=//a[contains(text(), '+ Create')]'.</msg>
<arg>xpath=//a[contains(text(), '+ Create')]</arg>
<doc>Clicks a link identified by ``locator``.</doc>
<status status="PASS" start="2025-03-11T03:39:29.100369" elapsed="1.131496"/>
</kw>
<kw name="Wait Until Location Is" owner="SeleniumLibrary">
<arg>${CREATE_NEWS_URL}</arg>
<arg>${DELAY}</arg>
<doc>Waits until the current URL is ``expected``.</doc>
<status status="PASS" start="2025-03-11T03:39:30.232452" elapsed="0.006631"/>
</kw>
<kw name="Location Should Be" owner="SeleniumLibrary">
<msg time="2025-03-11T03:39:30.243519" level="INFO">Current location is 'https://cs04sec267.cpkkuhost.com/highlights/create'.</msg>
<arg>${CREATE_NEWS_URL}</arg>
<doc>Verifies that the current URL is exactly ``url``.</doc>
<status status="PASS" start="2025-03-11T03:39:30.239445" elapsed="0.004161"/>
</kw>
<kw name="Log To Console" owner="BuiltIn">
<arg>✅ เข้าสู่หน้า Create สำเร็จ</arg>
<doc>Logs the given message to the console.</doc>
<status status="PASS" start="2025-03-11T03:39:30.243867" elapsed="0.000399"/>
</kw>
<kw name="Input Text" owner="SeleniumLibrary">
<msg time="2025-03-11T03:39:30.245022" level="INFO">Typing text 'โครงการทุนวิจัยและโอกาสสนับสนุนสำหรับนักวิจัยรุ่นใหม่' into text field 'id=title'.</msg>
<arg>id=title</arg>
<arg>โครงการทุนวิจัยและโอกาสสนับสนุนสำหรับนักวิจัยรุ่นใหม่</arg>
<doc>Types the given ``text`` into the text field identified by ``locator``.</doc>
<status status="PASS" start="2025-03-11T03:39:30.244822" elapsed="0.155954"/>
</kw>
<kw name="Log To Console" owner="BuiltIn">
<arg>✅ กรอก Title สำเร็จ</arg>
<doc>Logs the given message to the console.</doc>
<status status="PASS" start="2025-03-11T03:39:30.401207" elapsed="0.000763"/>
</kw>
<kw name="Click Element" owner="SeleniumLibrary">
<msg time="2025-03-11T03:39:30.403140" level="INFO">Clicking element 'xpath=//span[contains(@class, 'select2-selection')]'.</msg>
<arg>xpath=//span[contains(@class, 'select2-selection')]</arg>
<doc>Click the element identified by ``locator``.</doc>
<status status="PASS" start="2025-03-11T03:39:30.402805" elapsed="0.094275"/>
</kw>
<kw name="Sleep" owner="BuiltIn">
<msg time="2025-03-11T03:39:31.498331" level="INFO">Slept 1 second.</msg>
<arg>1s</arg>
<doc>Pauses the test executed for the given time.</doc>
<status status="PASS" start="2025-03-11T03:39:30.497510" elapsed="1.001122"/>
</kw>
<kw name="Click Element" owner="SeleniumLibrary">
<msg time="2025-03-11T03:39:31.499893" level="INFO">Clicking element 'xpath=//li[contains(text(), 'ทุนวิจัยและโอกาสสนับสนุน')]'.</msg>
<arg>xpath=//li[contains(text(), 'ทุนวิจัยและโอกาสสนับสนุน')]</arg>
<doc>Click the element identified by ``locator``.</doc>
<status status="PASS" start="2025-03-11T03:39:31.499456" elapsed="0.062208"/>
</kw>
<kw name="Sleep" owner="BuiltIn">
<msg time="2025-03-11T03:39:32.563005" level="INFO">Slept 1 second.</msg>
<arg>1s</arg>
<doc>Pauses the test executed for the given time.</doc>
<status status="PASS" start="2025-03-11T03:39:31.562263" elapsed="1.001198"/>
</kw>
<kw name="Log To Console" owner="BuiltIn">
<arg>✅ เลือก Tag สำเร็จ</arg>
<doc>Logs the given message to the console.</doc>
<status status="PASS" start="2025-03-11T03:39:32.564376" elapsed="0.001487"/>
</kw>
<kw name="Input Text" owner="SeleniumLibrary">
<msg time="2025-03-11T03:39:32.566586" level="INFO">Typing text 'เปิดรับสมัครทุนวิจัยสำหรับนักวิจัยรุ่นใหม่ เพื่อสนับสนุนการพัฒนาโครงการวิจัยที่มีศักยภาพ' into text field 'id=description'.</msg>
<arg>id=description</arg>
<arg>เปิดรับสมัครทุนวิจัยสำหรับนักวิจัยรุ่นใหม่ เพื่อสนับสนุนการพัฒนาโครงการวิจัยที่มีศักยภาพ</arg>
<doc>Types the given ``text`` into the text field identified by ``locator``.</doc>
<status status="PASS" start="2025-03-11T03:39:32.566364" elapsed="0.211937"/>
</kw>
<kw name="Input Text" owner="SeleniumLibrary">
<msg time="2025-03-11T03:39:32.778995" level="INFO">Typing text 'https://www.google.com' into text field 'id=link'.</msg>
<arg>id=link</arg>
<arg>https://www.google.com</arg>
<doc>Types the given ``text`` into the text field identified by ``locator``.</doc>
<status status="PASS" start="2025-03-11T03:39:32.778824" elapsed="0.101275"/>
</kw>
<kw name="Log To Console" owner="BuiltIn">
<arg>✅ กรอก Description และ Link สำเร็จ</arg>
<doc>Logs the given message to the console.</doc>
<status status="PASS" start="2025-03-11T03:39:32.880521" elapsed="0.000385"/>
</kw>
<kw name="Scroll Element Into View" owner="SeleniumLibrary">
<arg>id=imageAlbumBox</arg>
<doc>Scrolls the element identified by ``locator`` into view.</doc>
<status status="PASS" start="2025-03-11T03:39:32.881246" elapsed="0.278166"/>
</kw>
<kw name="Click Element" owner="SeleniumLibrary">
<msg time="2025-03-11T03:39:33.160080" level="INFO">Clicking element 'id=imageAlbumBox'.</msg>
<arg>id=imageAlbumBox</arg>
<doc>Click the element identified by ``locator``.</doc>
<status status="PASS" start="2025-03-11T03:39:33.159875" elapsed="0.053290"/>
</kw>
<kw name="Choose File" owner="SeleniumLibrary">
<msg time="2025-03-11T03:39:33.214003" level="INFO">Sending C:\work_2025\git-group-repository-group-4-sec-2\version3\test\Test-Data\1_3.jpeg
C:\work_2025\git-group-repository-group-4-sec-2\version3\test\Test-Data\1_2.jpeg to browser.</msg>
<arg>id=image_album</arg>
<arg>C:/work_2025/git-group-repository-group-4-sec-2/version3/test/Test-Data/1_3.jpeg\nC:/work_2025/git-group-repository-group-4-sec-2/version3/test/Test-Data/1_2.jpeg</arg>
<doc>Inputs the ``file_path`` into the file input field ``locator``.</doc>
<status status="PASS" start="2025-03-11T03:39:33.213634" elapsed="0.035616"/>
</kw>
<kw name="Log To Console" owner="BuiltIn">
<arg>✅ อัปโหลดไฟล์รูปภาพสำเร็จ</arg>
<doc>Logs the given message to the console.</doc>
<status status="PASS" start="2025-03-11T03:39:33.249914" elapsed="0.001040"/>
</kw>
<kw name="Scroll Element Into View" owner="SeleniumLibrary">
<arg>xpath=//button[@type='submit' and contains(text(),'Save')]</arg>
<doc>Scrolls the element identified by ``locator`` into view.</doc>
<status status="PASS" start="2025-03-11T03:39:33.251787" elapsed="0.485750"/>
</kw>
<kw name="Wait Until Element Is Visible" owner="SeleniumLibrary">
<arg>xpath=//button[@type='submit' and contains(text(),'Save')]</arg>
<doc>Waits until the element ``locator`` is visible.</doc>
<status status="PASS" start="2025-03-11T03:39:33.738733" elapsed="0.025480"/>
</kw>
<kw name="Execute Javascript" owner="SeleniumLibrary">
<msg time="2025-03-11T03:39:33.766344" level="INFO">Executing JavaScript:
document.querySelector("button.btn.btn-dark").click();
Without any arguments.</msg>
<arg>document.querySelector("button.btn.btn-dark").click();</arg>
<doc>Executes the given JavaScript code with possible arguments.</doc>
<status status="PASS" start="2025-03-11T03:39:33.765486" elapsed="0.044408"/>
</kw>
<kw name="Log To Console" owner="BuiltIn">
<arg>✅ กดปุ่ม Save สำเร็จ</arg>
<doc>Logs the given message to the console.</doc>
<status status="PASS" start="2025-03-11T03:39:33.810499" elapsed="0.000899"/>
</kw>
<kw name="Wait Until Element Is Visible" owner="SeleniumLibrary">
<arg>xpath=//h2[@id='swal2-title']</arg>
<doc>Waits until the element ``locator`` is visible.</doc>
<status status="PASS" start="2025-03-11T03:39:33.811866" elapsed="0.038890"/>
</kw>
<kw name="Element Should Contain" owner="SeleniumLibrary">
<msg time="2025-03-11T03:39:33.886869" level="INFO">Element 'xpath=//h2[@id='swal2-title']' contains text 'กรุณาอัปโหลดรูปภาพ!'.</msg>
<arg>xpath=//h2[@id='swal2-title']</arg>
<arg>กรุณาอัปโหลดรูปภาพ!</arg>
<doc>Verifies that element ``locator`` contains text ``expected``.</doc>
<status status="PASS" start="2025-03-11T03:39:33.851315" elapsed="0.035692"/>
</kw>
<kw name="Log To Console" owner="BuiltIn">
<arg>✅ ตรวจสอบข้อความแจ้งเตือน "กรุณาอัปโหลดรูปภาพ!" สำเร็จ</arg>
<doc>Logs the given message to the console.</doc>
<status status="PASS" start="2025-03-11T03:39:33.887648" elapsed="0.001386"/>
</kw>
<kw name="Click Element" owner="SeleniumLibrary">
<msg time="2025-03-11T03:39:33.890391" level="INFO">Clicking element 'xpath=//button[contains(@class, 'swal2-confirm') and contains(text(),'ตกลง')]'.</msg>
<arg>xpath=//button[contains(@class, 'swal2-confirm') and contains(text(),'ตกลง')]</arg>
<doc>Click the element identified by ``locator``.</doc>
<status status="PASS" start="2025-03-11T03:39:33.889791" elapsed="0.127025"/>
</kw>
<kw name="Wait Until Location Is" owner="SeleniumLibrary">
<arg>${CREATE_NEWS_URL}</arg>
<doc>Waits until the current URL is ``expected``.</doc>
<status status="PASS" start="2025-03-11T03:39:34.017179" elapsed="0.005810"/>
</kw>
<kw name="Location Should Be" owner="SeleniumLibrary">
<msg time="2025-03-11T03:39:34.028602" level="INFO">Current location is 'https://cs04sec267.cpkkuhost.com/highlights/create'.</msg>
<arg>${CREATE_NEWS_URL}</arg>
<doc>Verifies that the current URL is exactly ``url``.</doc>
<status status="PASS" start="2025-03-11T03:39:34.023338" elapsed="0.005448"/>
</kw>
<kw name="Log To Console" owner="BuiltIn">
<arg>✅ กลับมาที่หน้า Create News สำเร็จ</arg>
<doc>Logs the given message to the console.</doc>
<status status="PASS" start="2025-03-11T03:39:34.029349" elapsed="0.000591"/>
</kw>
<doc>ทดสอบการสร้างข่าวใหม่ไม่สำเร็จ เนื่องจากไม่ใส่รูปภาพ Cover Image</doc>
<tag>UAT-V1-03</tag>
<status status="PASS" start="2025-03-11T03:39:13.567274" elapsed="20.463081"/>
</test>
<test id="s1-t2" name="Test Create Unsuccess Empty Title:" line="67">
<kw name="Click Element" owner="SeleniumLibrary">
<msg time="2025-03-11T03:39:34.033129" level="INFO">Clicking element 'id=coverImageBox'.</msg>
<msg time="2025-03-11T03:39:35.337494" level="INFO" html="true">&lt;/td&gt;&lt;/tr&gt;&lt;tr&gt;&lt;td colspan="3"&gt;&lt;a href="selenium-screenshot-4.png"&gt;&lt;img src="selenium-screenshot-4.png" width="800px"&gt;&lt;/a&gt;</msg>
<msg time="2025-03-11T03:39:35.338488" level="FAIL">ElementClickInterceptedException: Message: element click intercepted: Element is not clickable at point (578, -352)
  (Session info: chrome=131.0.6778.264)
Stacktrace:
	GetHandleVerifier [0x00007FF756C380D5+2992373]
	(No symbol) [0x00007FF7568CBFD0]
	(No symbol) [0x00007FF75676590A]
	(No symbol) [0x00007FF7567C0F2E]
	(No symbol) [0x00007FF7567BE9CC]
	(No symbol) [0x00007FF7567BBBA6]
	(No symbol) [0x00007FF7567BAB01]
	(No symbol) [0x00007FF7567ACD40]
	(No symbol) [0x00007FF7567DF36A]
	(No symbol) [0x00007FF7567AC596]
	(No symbol) [0x00007FF7567DF580]
	(No symbol) [0x00007FF7567FF584]
	(No symbol) [0x00007FF7567DF113]
	(No symbol) [0x00007FF7567AA918]
	(No symbol) [0x00007FF7567ABA81]
	GetHandleVerifier [0x00007FF756C96A2D+3379789]
	GetHandleVerifier [0x00007FF756CAC32D+3468109]
	GetHandleVerifier [0x00007FF756CA0043+3418211]
	GetHandleVerifier [0x00007FF756A2C78B+847787]
	(No symbol) [0x00007FF7568D757F]
	(No symbol) [0x00007FF7568D2FC4]
	(No symbol) [0x00007FF7568D315D]
	(No symbol) [0x00007FF7568C2979]
	BaseThreadInitThunk [0x00007FFCE52B259D+29]
	RtlUserThreadStart [0x00007FFCE62CAF38+40]
</msg>
<arg>id=coverImageBox</arg>
<doc>Click the element identified by ``locator``.</doc>
<status status="FAIL" start="2025-03-11T03:39:34.032830" elapsed="1.312329">ElementClickInterceptedException: Message: element click intercepted: Element is not clickable at point (578, -352)
  (Session info: chrome=131.0.6778.264)
Stacktrace:
	GetHandleVerifier [0x00007FF756C380D5+2992373]
	(No symbol) [0x00007FF7568CBFD0]
	(No symbol) [0x00007FF75676590A]
	(No symbol) [0x00007FF7567C0F2E]
	(No symbol) [0x00007FF7567BE9CC]
	(No symbol) [0x00007FF7567BBBA6]
	(No symbol) [0x00007FF7567BAB01]
	(No symbol) [0x00007FF7567ACD40]
	(No symbol) [0x00007FF7567DF36A]
	(No symbol) [0x00007FF7567AC596]
	(No symbol) [0x00007FF7567DF580]
	(No symbol) [0x00007FF7567FF584]
	(No symbol) [0x00007FF7567DF113]
	(No symbol) [0x00007FF7567AA918]
	(No symbol) [0x00007FF7567ABA81]
	GetHandleVerifier [0x00007FF756C96A2D+3379789]
	GetHandleVerifier [0x00007FF756CAC32D+3468109]
	GetHandleVerifier [0x00007FF756CA0043+3418211]
	GetHandleVerifier [0x00007FF756A2C78B+847787]
	(No symbol) [0x00007FF7568D757F]
	(No symbol) [0x00007FF7568D2FC4]
	(No symbol) [0x00007FF7568D315D]
	(No symbol) [0x00007FF7568C2979]
	BaseThreadInitThunk [0x00007FFCE52B259D+29]
	RtlUserThreadStart [0x00007FFCE62CAF38+40]
</status>
</kw>
<kw name="Choose File" owner="SeleniumLibrary">
<arg>xpath=//input[@type='file']</arg>
<arg>C:/work_2025/git-group-repository-group-4-sec-2/version3/test/Test-Data/1_3.jpeg</arg>
<doc>Inputs the ``file_path`` into the file input field ``locator``.</doc>
<status status="NOT RUN" start="2025-03-11T03:39:35.345961" elapsed="0.000088"/>
</kw>
<kw name="Log To Console" owner="BuiltIn">
<arg>✅ ใส่รูปปก สำเร็จ</arg>
<doc>Logs the given message to the console.</doc>
<status status="NOT RUN" start="2025-03-11T03:39:35.346656" elapsed="0.000078"/>
</kw>
<kw name="Clear Element Text" owner="SeleniumLibrary">
<arg>id=title</arg>
<doc>Clears the value of the text-input-element identified by ``locator``.</doc>
<status status="NOT RUN" start="2025-03-11T03:39:35.347111" elapsed="0.000058"/>
</kw>
<kw name="Log To Console" owner="BuiltIn">
<arg>✅ เคลียร์ค่า Title สำเร็จ</arg>
<doc>Logs the given message to the console.</doc>
<status status="NOT RUN" start="2025-03-11T03:39:35.347469" elapsed="0.000049"/>
</kw>
<kw name="Scroll Element Into View" owner="SeleniumLibrary">
<arg>xpath=//button[@type='submit' and contains(text(),'Save')]</arg>
<doc>Scrolls the element identified by ``locator`` into view.</doc>
<status status="NOT RUN" start="2025-03-11T03:39:35.347800" elapsed="0.000050"/>
</kw>
<kw name="Log To Console" owner="BuiltIn">
<arg>✅ เลื่อนหน้าจอไปที่ปุ่ม Save</arg>
<doc>Logs the given message to the console.</doc>
<status status="NOT RUN" start="2025-03-11T03:39:35.348201" elapsed="0.000051"/>
</kw>
<kw name="Wait Until Element Is Visible" owner="SeleniumLibrary">
<arg>xpath=//button[@type='submit' and contains(text(),'Save')]</arg>
<doc>Waits until the element ``locator`` is visible.</doc>
<status status="NOT RUN" start="2025-03-11T03:39:35.348847" elapsed="0.000073"/>
</kw>
<kw name="Log To Console" owner="BuiltIn">
<arg>✅ ปุ่ม Save ปรากฏแล้ว</arg>
<doc>Logs the given message to the console.</doc>
<status status="NOT RUN" start="2025-03-11T03:39:35.349262" elapsed="0.000058"/>
</kw>
<kw name="Execute Javascript" owner="SeleniumLibrary">
<arg>document.querySelector("button.btn.btn-dark").click();</arg>
<doc>Executes the given JavaScript code with possible arguments.</doc>
<status status="NOT RUN" start="2025-03-11T03:39:35.349837" elapsed="0.000037"/>
</kw>
<kw name="Log To Console" owner="BuiltIn">
<arg>✅ กดปุ่ม Save</arg>
<doc>Logs the given message to the console.</doc>
<status status="NOT RUN" start="2025-03-11T03:39:35.350056" elapsed="0.000033"/>
</kw>
<kw name="Wait Until Element Is Visible" owner="SeleniumLibrary">
<arg>xpath=//h2[@id='swal2-title']</arg>
<doc>Waits until the element ``locator`` is visible.</doc>
<status status="NOT RUN" start="2025-03-11T03:39:35.350270" elapsed="0.000033"/>
</kw>
<kw name="Log To Console" owner="BuiltIn">
<arg>✅ ตรวจสอบกล่องแจ้งเตือน</arg>
<doc>Logs the given message to the console.</doc>
<status status="NOT RUN" start="2025-03-11T03:39:35.350515" elapsed="0.000042"/>
</kw>
<kw name="Element Should Contain" owner="SeleniumLibrary">
<arg>xpath=//h2[@id='swal2-title']</arg>
<arg>กรุณากรอกชื่อไฮไลท์!</arg>
<doc>Verifies that element ``locator`` contains text ``expected``.</doc>
<status status="NOT RUN" start="2025-03-11T03:39:35.350768" elapsed="0.000039"/>
</kw>
<kw name="Log To Console" owner="BuiltIn">
<arg>✅ พบข้อความแจ้งเตือน: กรุณากรอกชื่อไฮไลท์!</arg>
<doc>Logs the given message to the console.</doc>
<status status="NOT RUN" start="2025-03-11T03:39:35.351045" elapsed="0.000037"/>
</kw>
<kw name="Click Element" owner="SeleniumLibrary">
<arg>xpath=//button[contains(@class, 'swal2-confirm') and contains(text(),'ตกลง')]</arg>
<doc>Click the element identified by ``locator``.</doc>
<status status="NOT RUN" start="2025-03-11T03:39:35.351337" elapsed="0.000031"/>
</kw>
<kw name="Log To Console" owner="BuiltIn">
<arg>✅ กดปุ่มตกลงในกล่องแจ้งเตือน</arg>
<doc>Logs the given message to the console.</doc>
<status status="NOT RUN" start="2025-03-11T03:39:35.351547" elapsed="0.000032"/>
</kw>
<kw name="Location Should Be" owner="SeleniumLibrary">
<arg>${CREATE_NEWS_URL}</arg>
<doc>Verifies that the current URL is exactly ``url``.</doc>
<status status="NOT RUN" start="2025-03-11T03:39:35.352025" elapsed="0.000037"/>
</kw>
<doc>ทดสอบการสร้างข่าวใหม่ไม่สำเร็จ เนื่องจากไม่ใส่ Title</doc>
<tag>UAT-V1-03</tag>
<status status="FAIL" start="2025-03-11T03:39:34.031304" elapsed="1.321113">ElementClickInterceptedException: Message: element click intercepted: Element is not clickable at point (578, -352)
  (Session info: chrome=131.0.6778.264)
Stacktrace:
	GetHandleVerifier [0x00007FF756C380D5+2992373]
	(No symbol) [0x00007FF7568CBFD0]
	(No symbol) [0x00007FF75676590A]
	(No symbol) [0x00007FF7567C0F2E]
	(No symbol) [0x00007FF7567BE9CC]
	(No symbol) [0x00007FF7567BBBA6]
	(No symbol) [0x00007FF7567BAB01]
	(No symbol) [0x00007FF7567ACD40]
	(No symbol) [0x00007FF7567DF36A]
	(No symbol) [0x00007FF7567AC596]
	(No symbol) [0x00007FF7567DF580]
	(No symbol) [0x00007FF7567FF584]
	(No symbol) [0x00007FF7567DF113]
	(No symbol) [0x00007FF7567AA918]
	(No symbol) [0x00007FF7567ABA81]
	GetHandleVerifier [0x00007FF756C96A2D+3379789]
	GetHandleVerifier [0x00007FF756CAC32D+3468109]
	GetHandleVerifier [0x00007FF756CA0043+3418211]
	GetHandleVerifier [0x00007FF756A2C78B+847787]
	(No symbol) [0x00007FF7568D757F]
	(No symbol) [0x00007FF7568D2FC4]
	(No symbol) [0x00007FF7568D315D]
	(No symbol) [0x00007FF7568C2979]
	BaseThreadInitThunk [0x00007FFCE52B259D+29]
	RtlUserThreadStart [0x00007FFCE62CAF38+40]
</status>
</test>
<status status="FAIL" start="2025-03-11T03:39:13.325455" elapsed="22.055180"/>
</suite>
<statistics>
<total>
<stat pass="1" fail="1" skip="0">All Tests</stat>
</total>
<tag>
<stat pass="1" fail="1" skip="0">UAT-V1-03</stat>
</tag>
<suite>
<stat name="Unsuccess CreateHighlight final" id="s1" pass="1" fail="1" skip="0">Unsuccess CreateHighlight final</stat>
</suite>
</statistics>
<errors>
</errors>
</robot>
